15
13
37
14
11
27
37
27
27
0
8
27
27
8
14
1
13
27
14
15
15
27
37
15
37
14
14
9
8
27
11
15
1
15
15
8
15
1
9
0
37
13
9
0
13
27
14
5
15
27
27
13
15
5
14
5
0
11
13
14
37
15
9
14
37
15
9
15
8
14
0
37
8
8
27
1
27
15
14
8
5
27
15
27
0
9
27
27
0
14
15
27
8
14
11
14
14
27
5
5
13
8
11
27
15
27
2
11
13
15
8
9
8
8
13
5
15
9
5
15
15
0
37
15
13
14
9
13
13
8
9
14
15
14
15
5
27
8
14
5
